Start testing: Apr 28 05:55 MSK
----------------------------------------------------------
1/29 Testing: PickAndPlaceMockTest.InitializeRobot
1/29 Test: PickAndPlaceMockTest.InitializeRobot
Command: "/home/evgeniy/Documents/code/test/behavior_tree/build/behavior_tree/test/behavior_tree_test" "--gtest_filter=PickAndPlaceMockTest.InitializeRobot" "--gtest_also_run_disabled_tests"
Directory: /home/evgeniy/Documents/code/test/behavior_tree/build/behavior_tree/test
"PickAndPlaceMockTest.InitializeRobot" start time: Apr 28 05:55 MSK
Output:
----------------------------------------------------------
Note: Google Test filter = PickAndPlaceMockTest.InitializeRobot
[==========] Running 1 test from 1 test suite.
[----------] Global test environment set-up.
[----------] 1 test from PickAndPlaceMockTest
[ RUN      ] PickAndPlaceMockTest.InitializeRobot
[       OK ] PickAndPlaceMockTest.InitializeRobot (0 ms)
[----------] 1 test from PickAndPlaceMockTest (0 ms total)

[----------] Global test environment tear-down
[==========] 1 test from 1 test suite ran. (0 ms total)
[  PASSED  ] 1 test.
<end of output>
Test time =   0.00 sec
----------------------------------------------------------
Test Passed.
"PickAndPlaceMockTest.InitializeRobot" end time: Apr 28 05:55 MSK
"PickAndPlaceMockTest.InitializeRobot" time elapsed: 00:00:00
----------------------------------------------------------

2/29 Testing: PickAndPlaceMockTest.PickObjectSuccess
2/29 Test: PickAndPlaceMockTest.PickObjectSuccess
Command: "/home/evgeniy/Documents/code/test/behavior_tree/build/behavior_tree/test/behavior_tree_test" "--gtest_filter=PickAndPlaceMockTest.PickObjectSuccess" "--gtest_also_run_disabled_tests"
Directory: /home/evgeniy/Documents/code/test/behavior_tree/build/behavior_tree/test
"PickAndPlaceMockTest.PickObjectSuccess" start time: Apr 28 05:55 MSK
Output:
----------------------------------------------------------
Note: Google Test filter = PickAndPlaceMockTest.PickObjectSuccess
[==========] Running 1 test from 1 test suite.
[----------] Global test environment set-up.
[----------] 1 test from PickAndPlaceMockTest
[ RUN      ] PickAndPlaceMockTest.PickObjectSuccess
[       OK ] PickAndPlaceMockTest.PickObjectSuccess (0 ms)
[----------] 1 test from PickAndPlaceMockTest (0 ms total)

[----------] Global test environment tear-down
[==========] 1 test from 1 test suite ran. (0 ms total)
[  PASSED  ] 1 test.
<end of output>
Test time =   0.00 sec
----------------------------------------------------------
Test Passed.
"PickAndPlaceMockTest.PickObjectSuccess" end time: Apr 28 05:55 MSK
"PickAndPlaceMockTest.PickObjectSuccess" time elapsed: 00:00:00
----------------------------------------------------------

3/29 Testing: PickAndPlaceMockTest.PickObjectFailure
3/29 Test: PickAndPlaceMockTest.PickObjectFailure
Command: "/home/evgeniy/Documents/code/test/behavior_tree/build/behavior_tree/test/behavior_tree_test" "--gtest_filter=PickAndPlaceMockTest.PickObjectFailure" "--gtest_also_run_disabled_tests"
Directory: /home/evgeniy/Documents/code/test/behavior_tree/build/behavior_tree/test
"PickAndPlaceMockTest.PickObjectFailure" start time: Apr 28 05:55 MSK
Output:
----------------------------------------------------------
Note: Google Test filter = PickAndPlaceMockTest.PickObjectFailure
[==========] Running 1 test from 1 test suite.
[----------] Global test environment set-up.
[----------] 1 test from PickAndPlaceMockTest
[ RUN      ] PickAndPlaceMockTest.PickObjectFailure
[       OK ] PickAndPlaceMockTest.PickObjectFailure (0 ms)
[----------] 1 test from PickAndPlaceMockTest (0 ms total)

[----------] Global test environment tear-down
[==========] 1 test from 1 test suite ran. (0 ms total)
[  PASSED  ] 1 test.
<end of output>
Test time =   0.00 sec
----------------------------------------------------------
Test Passed.
"PickAndPlaceMockTest.PickObjectFailure" end time: Apr 28 05:55 MSK
"PickAndPlaceMockTest.PickObjectFailure" time elapsed: 00:00:00
----------------------------------------------------------

4/29 Testing: PickAndPlaceMockTest.PlaceObjectSuccess
4/29 Test: PickAndPlaceMockTest.PlaceObjectSuccess
Command: "/home/evgeniy/Documents/code/test/behavior_tree/build/behavior_tree/test/behavior_tree_test" "--gtest_filter=PickAndPlaceMockTest.PlaceObjectSuccess" "--gtest_also_run_disabled_tests"
Directory: /home/evgeniy/Documents/code/test/behavior_tree/build/behavior_tree/test
"PickAndPlaceMockTest.PlaceObjectSuccess" start time: Apr 28 05:55 MSK
Output:
----------------------------------------------------------
Note: Google Test filter = PickAndPlaceMockTest.PlaceObjectSuccess
[==========] Running 1 test from 1 test suite.
[----------] Global test environment set-up.
[----------] 1 test from PickAndPlaceMockTest
[ RUN      ] PickAndPlaceMockTest.PlaceObjectSuccess
[       OK ] PickAndPlaceMockTest.PlaceObjectSuccess (0 ms)
[----------] 1 test from PickAndPlaceMockTest (0 ms total)

[----------] Global test environment tear-down
[==========] 1 test from 1 test suite ran. (0 ms total)
[  PASSED  ] 1 test.
<end of output>
Test time =   0.00 sec
----------------------------------------------------------
Test Passed.
"PickAndPlaceMockTest.PlaceObjectSuccess" end time: Apr 28 05:55 MSK
"PickAndPlaceMockTest.PlaceObjectSuccess" time elapsed: 00:00:00
----------------------------------------------------------

5/29 Testing: PickAndPlaceMockTest.PlaceObjectFailure
5/29 Test: PickAndPlaceMockTest.PlaceObjectFailure
Command: "/home/evgeniy/Documents/code/test/behavior_tree/build/behavior_tree/test/behavior_tree_test" "--gtest_filter=PickAndPlaceMockTest.PlaceObjectFailure" "--gtest_also_run_disabled_tests"
Directory: /home/evgeniy/Documents/code/test/behavior_tree/build/behavior_tree/test
"PickAndPlaceMockTest.PlaceObjectFailure" start time: Apr 28 05:55 MSK
Output:
----------------------------------------------------------
Note: Google Test filter = PickAndPlaceMockTest.PlaceObjectFailure
[==========] Running 1 test from 1 test suite.
[----------] Global test environment set-up.
[----------] 1 test from PickAndPlaceMockTest
[ RUN      ] PickAndPlaceMockTest.PlaceObjectFailure
[       OK ] PickAndPlaceMockTest.PlaceObjectFailure (0 ms)
[----------] 1 test from PickAndPlaceMockTest (0 ms total)

[----------] Global test environment tear-down
[==========] 1 test from 1 test suite ran. (0 ms total)
[  PASSED  ] 1 test.
<end of output>
Test time =   0.00 sec
----------------------------------------------------------
Test Passed.
"PickAndPlaceMockTest.PlaceObjectFailure" end time: Apr 28 05:55 MSK
"PickAndPlaceMockTest.PlaceObjectFailure" time elapsed: 00:00:00
----------------------------------------------------------

6/29 Testing: PickAndPlaceMockTest.Logic1
6/29 Test: PickAndPlaceMockTest.Logic1
Command: "/home/evgeniy/Documents/code/test/behavior_tree/build/behavior_tree/test/behavior_tree_test" "--gtest_filter=PickAndPlaceMockTest.Logic1" "--gtest_also_run_disabled_tests"
Directory: /home/evgeniy/Documents/code/test/behavior_tree/build/behavior_tree/test
"PickAndPlaceMockTest.Logic1" start time: Apr 28 05:55 MSK
Output:
----------------------------------------------------------
Note: Google Test filter = PickAndPlaceMockTest.Logic1
[==========] Running 1 test from 1 test suite.
[----------] Global test environment set-up.
[----------] 1 test from PickAndPlaceMockTest
[ RUN      ] PickAndPlaceMockTest.Logic1
Child index: 0, Status: FAILURE
Child index: 1, Status: SUCCESS
Child index: 0, Status: FAILURE
Child index: 1, Status: FAILURE
FAILURE
Child index: 0, Status: SUCCESS
Child index: 0, Status: FAILURE
Child index: 1, Status: FAILURE
FAILURE
Child index: 0, Status: SUCCESS
Child index: 0, Status: FAILURE
Child index: 1, Status: SUCCESS
SUCCESS
Child index: 0, Status: FAILURE
Child index: 1, Status: FAILURE
FAILURE
Child index: 0, Status: SUCCESS
Child index: 0, Status: FAILURE
Child index: 1, Status: SUCCESS
SUCCESS
[       OK ] PickAndPlaceMockTest.Logic1 (0 ms)
[----------] 1 test from PickAndPlaceMockTest (0 ms total)

[----------] Global test environment tear-down
[==========] 1 test from 1 test suite ran. (0 ms total)
[  PASSED  ] 1 test.
<end of output>
Test time =   0.00 sec
----------------------------------------------------------
Test Passed.
"PickAndPlaceMockTest.Logic1" end time: Apr 28 05:55 MSK
"PickAndPlaceMockTest.Logic1" time elapsed: 00:00:00
----------------------------------------------------------

7/29 Testing: PickAndPlaceArmMockTest.PickObjectSuccess
7/29 Test: PickAndPlaceArmMockTest.PickObjectSuccess
Command: "/home/evgeniy/Documents/code/test/behavior_tree/build/behavior_tree/test/behavior_tree_test" "--gtest_filter=PickAndPlaceArmMockTest.PickObjectSuccess" "--gtest_also_run_disabled_tests"
Directory: /home/evgeniy/Documents/code/test/behavior_tree/build/behavior_tree/test
"PickAndPlaceArmMockTest.PickObjectSuccess" start time: Apr 28 05:55 MSK
Output:
----------------------------------------------------------
Note: Google Test filter = PickAndPlaceArmMockTest.PickObjectSuccess
[==========] Running 1 test from 1 test suite.
[----------] Global test environment set-up.
[----------] 1 test from PickAndPlaceArmMockTest
[ RUN      ] PickAndPlaceArmMockTest.PickObjectSuccess
[       OK ] PickAndPlaceArmMockTest.PickObjectSuccess (0 ms)
[----------] 1 test from PickAndPlaceArmMockTest (0 ms total)

[----------] Global test environment tear-down
[==========] 1 test from 1 test suite ran. (0 ms total)
[  PASSED  ] 1 test.
<end of output>
Test time =   0.00 sec
----------------------------------------------------------
Test Passed.
"PickAndPlaceArmMockTest.PickObjectSuccess" end time: Apr 28 05:55 MSK
"PickAndPlaceArmMockTest.PickObjectSuccess" time elapsed: 00:00:00
----------------------------------------------------------

8/29 Testing: PickAndPlaceArmMockTest.PlaceObjectSuccess
8/29 Test: PickAndPlaceArmMockTest.PlaceObjectSuccess
Command: "/home/evgeniy/Documents/code/test/behavior_tree/build/behavior_tree/test/behavior_tree_test" "--gtest_filter=PickAndPlaceArmMockTest.PlaceObjectSuccess" "--gtest_also_run_disabled_tests"
Directory: /home/evgeniy/Documents/code/test/behavior_tree/build/behavior_tree/test
"PickAndPlaceArmMockTest.PlaceObjectSuccess" start time: Apr 28 05:55 MSK
Output:
----------------------------------------------------------
Note: Google Test filter = PickAndPlaceArmMockTest.PlaceObjectSuccess
[==========] Running 1 test from 1 test suite.
[----------] Global test environment set-up.
[----------] 1 test from PickAndPlaceArmMockTest
[ RUN      ] PickAndPlaceArmMockTest.PlaceObjectSuccess
[       OK ] PickAndPlaceArmMockTest.PlaceObjectSuccess (0 ms)
[----------] 1 test from PickAndPlaceArmMockTest (0 ms total)

[----------] Global test environment tear-down
[==========] 1 test from 1 test suite ran. (0 ms total)
[  PASSED  ] 1 test.
<end of output>
Test time =   0.00 sec
----------------------------------------------------------
Test Passed.
"PickAndPlaceArmMockTest.PlaceObjectSuccess" end time: Apr 28 05:55 MSK
"PickAndPlaceArmMockTest.PlaceObjectSuccess" time elapsed: 00:00:00
----------------------------------------------------------

9/29 Testing: TwoArmsRobotTest.OneTask
9/29 Test: TwoArmsRobotTest.OneTask
Command: "/home/evgeniy/Documents/code/test/behavior_tree/build/behavior_tree/test/behavior_tree_test" "--gtest_filter=TwoArmsRobotTest.OneTask" "--gtest_also_run_disabled_tests"
Directory: /home/evgeniy/Documents/code/test/behavior_tree/build/behavior_tree/test
"TwoArmsRobotTest.OneTask" start time: Apr 28 05:55 MSK
Output:
----------------------------------------------------------
Note: Google Test filter = TwoArmsRobotTest.OneTask
[==========] Running 1 test from 1 test suite.
[----------] Global test environment set-up.
[----------] 1 test from TwoArmsRobotTest
[ RUN      ] TwoArmsRobotTest.OneTask
Child index: 0, Status: SUCCESS
Child index: 0, Status: SUCCESS
Child index: 0, Status: FAILURE
Child index: 0, Status: FAILURE
SUCCESS
SUCCESS
SUCCESS
SUCCESS
SUCCESS
Child index: 1, Status: SUCCESS
Child index: 0, Status: FAILURE
SUCCESS
SUCCESS
SUCCESS
SUCCESS
Child index: 1, Status: SUCCESS
Child index: 1, Status: SUCCESS
Child index: 0, Status: SUCCESS
[       OK ] TwoArmsRobotTest.OneTask (0 ms)
[----------] 1 test from TwoArmsRobotTest (0 ms total)

[----------] Global test environment tear-down
[==========] 1 test from 1 test suite ran. (0 ms total)
[  PASSED  ] 1 test.
<end of output>
Test time =   0.00 sec
----------------------------------------------------------
Test Passed.
"TwoArmsRobotTest.OneTask" end time: Apr 28 05:55 MSK
"TwoArmsRobotTest.OneTask" time elapsed: 00:00:00
----------------------------------------------------------

10/29 Testing: TwoArmsRobotTest.TwoTasks
10/29 Test: TwoArmsRobotTest.TwoTasks
Command: "/home/evgeniy/Documents/code/test/behavior_tree/build/behavior_tree/test/behavior_tree_test" "--gtest_filter=TwoArmsRobotTest.TwoTasks" "--gtest_also_run_disabled_tests"
Directory: /home/evgeniy/Documents/code/test/behavior_tree/build/behavior_tree/test
"TwoArmsRobotTest.TwoTasks" start time: Apr 28 05:55 MSK
Output:
----------------------------------------------------------
Note: Google Test filter = TwoArmsRobotTest.TwoTasks
[==========] Running 1 test from 1 test suite.
[----------] Global test environment set-up.
[----------] 1 test from TwoArmsRobotTest
[ RUN      ] TwoArmsRobotTest.TwoTasks
Child index: 0, Status: SUCCESS
Child index: 0, Status: SUCCESS
Child index: 0, Status: FAILURE
Child index: 0, Status: FAILURE
SUCCESS
SUCCESS
SUCCESS
SUCCESS
SUCCESS
Child index: 1, Status: SUCCESS
Child index: 0, Status: FAILURE
SUCCESS
SUCCESS
SUCCESS
SUCCESS
Child index: 1, Status: SUCCESS
Child index: 1, Status: SUCCESS
Child index: 0, Status: FAILURE
Child index: 0, Status: FAILURE
SUCCESS
SUCCESS
SUCCESS
SUCCESS
SUCCESS
Child index: 1, Status: SUCCESS
Child index: 0, Status: FAILURE
SUCCESS
SUCCESS
SUCCESS
SUCCESS
Child index: 1, Status: SUCCESS
Child index: 1, Status: SUCCESS
[       OK ] TwoArmsRobotTest.TwoTasks (0 ms)
[----------] 1 test from TwoArmsRobotTest (0 ms total)

[----------] Global test environment tear-down
[==========] 1 test from 1 test suite ran. (0 ms total)
[  PASSED  ] 1 test.
<end of output>
Test time =   0.00 sec
----------------------------------------------------------
Test Passed.
"TwoArmsRobotTest.TwoTasks" end time: Apr 28 05:55 MSK
"TwoArmsRobotTest.TwoTasks" time elapsed: 00:00:00
----------------------------------------------------------

11/29 Testing: BehaviorTreeTest.ActionNodeSuccess
11/29 Test: BehaviorTreeTest.ActionNodeSuccess
Command: "/home/evgeniy/Documents/code/test/behavior_tree/build/behavior_tree/test/behavior_tree_test" "--gtest_filter=BehaviorTreeTest.ActionNodeSuccess" "--gtest_also_run_disabled_tests"
Directory: /home/evgeniy/Documents/code/test/behavior_tree/build/behavior_tree/test
"BehaviorTreeTest.ActionNodeSuccess" start time: Apr 28 05:55 MSK
Output:
----------------------------------------------------------
Note: Google Test filter = BehaviorTreeTest.ActionNodeSuccess
[==========] Running 1 test from 1 test suite.
[----------] Global test environment set-up.
[----------] 1 test from BehaviorTreeTest
[ RUN      ] BehaviorTreeTest.ActionNodeSuccess
[       OK ] BehaviorTreeTest.ActionNodeSuccess (0 ms)
[----------] 1 test from BehaviorTreeTest (0 ms total)

[----------] Global test environment tear-down
[==========] 1 test from 1 test suite ran. (0 ms total)
[  PASSED  ] 1 test.
<end of output>
Test time =   0.00 sec
----------------------------------------------------------
Test Passed.
"BehaviorTreeTest.ActionNodeSuccess" end time: Apr 28 05:55 MSK
"BehaviorTreeTest.ActionNodeSuccess" time elapsed: 00:00:00
----------------------------------------------------------

12/29 Testing: BehaviorTreeTest.ActionNodeFailure
12/29 Test: BehaviorTreeTest.ActionNodeFailure
Command: "/home/evgeniy/Documents/code/test/behavior_tree/build/behavior_tree/test/behavior_tree_test" "--gtest_filter=BehaviorTreeTest.ActionNodeFailure" "--gtest_also_run_disabled_tests"
Directory: /home/evgeniy/Documents/code/test/behavior_tree/build/behavior_tree/test
"BehaviorTreeTest.ActionNodeFailure" start time: Apr 28 05:55 MSK
Output:
----------------------------------------------------------
Note: Google Test filter = BehaviorTreeTest.ActionNodeFailure
[==========] Running 1 test from 1 test suite.
[----------] Global test environment set-up.
[----------] 1 test from BehaviorTreeTest
[ RUN      ] BehaviorTreeTest.ActionNodeFailure
Exception in behavior action 'Test Action Failure': Intentional Failure
[       OK ] BehaviorTreeTest.ActionNodeFailure (0 ms)
[----------] 1 test from BehaviorTreeTest (0 ms total)

[----------] Global test environment tear-down
[==========] 1 test from 1 test suite ran. (0 ms total)
[  PASSED  ] 1 test.
<end of output>
Test time =   0.00 sec
----------------------------------------------------------
Test Passed.
"BehaviorTreeTest.ActionNodeFailure" end time: Apr 28 05:55 MSK
"BehaviorTreeTest.ActionNodeFailure" time elapsed: 00:00:00
----------------------------------------------------------

13/29 Testing: BehaviorTreeTest.ConditionNodeSuccess
13/29 Test: BehaviorTreeTest.ConditionNodeSuccess
Command: "/home/evgeniy/Documents/code/test/behavior_tree/build/behavior_tree/test/behavior_tree_test" "--gtest_filter=BehaviorTreeTest.ConditionNodeSuccess" "--gtest_also_run_disabled_tests"
Directory: /home/evgeniy/Documents/code/test/behavior_tree/build/behavior_tree/test
"BehaviorTreeTest.ConditionNodeSuccess" start time: Apr 28 05:55 MSK
Output:
----------------------------------------------------------
Note: Google Test filter = BehaviorTreeTest.ConditionNodeSuccess
[==========] Running 1 test from 1 test suite.
[----------] Global test environment set-up.
[----------] 1 test from BehaviorTreeTest
[ RUN      ] BehaviorTreeTest.ConditionNodeSuccess
[       OK ] BehaviorTreeTest.ConditionNodeSuccess (0 ms)
[----------] 1 test from BehaviorTreeTest (0 ms total)

[----------] Global test environment tear-down
[==========] 1 test from 1 test suite ran. (0 ms total)
[  PASSED  ] 1 test.
<end of output>
Test time =   0.00 sec
----------------------------------------------------------
Test Passed.
"BehaviorTreeTest.ConditionNodeSuccess" end time: Apr 28 05:55 MSK
"BehaviorTreeTest.ConditionNodeSuccess" time elapsed: 00:00:00
----------------------------------------------------------

14/29 Testing: BehaviorTreeTest.ConditionNodeFailure
14/29 Test: BehaviorTreeTest.ConditionNodeFailure
Command: "/home/evgeniy/Documents/code/test/behavior_tree/build/behavior_tree/test/behavior_tree_test" "--gtest_filter=BehaviorTreeTest.ConditionNodeFailure" "--gtest_also_run_disabled_tests"
Directory: /home/evgeniy/Documents/code/test/behavior_tree/build/behavior_tree/test
"BehaviorTreeTest.ConditionNodeFailure" start time: Apr 28 05:55 MSK
Output:
----------------------------------------------------------
Note: Google Test filter = BehaviorTreeTest.ConditionNodeFailure
[==========] Running 1 test from 1 test suite.
[----------] Global test environment set-up.
[----------] 1 test from BehaviorTreeTest
[ RUN      ] BehaviorTreeTest.ConditionNodeFailure
[       OK ] BehaviorTreeTest.ConditionNodeFailure (0 ms)
[----------] 1 test from BehaviorTreeTest (0 ms total)

[----------] Global test environment tear-down
[==========] 1 test from 1 test suite ran. (0 ms total)
[  PASSED  ] 1 test.
<end of output>
Test time =   0.00 sec
----------------------------------------------------------
Test Passed.
"BehaviorTreeTest.ConditionNodeFailure" end time: Apr 28 05:55 MSK
"BehaviorTreeTest.ConditionNodeFailure" time elapsed: 00:00:00
----------------------------------------------------------

15/29 Testing: BehaviorTreeTest.ConditionNodeException
15/29 Test: BehaviorTreeTest.ConditionNodeException
Command: "/home/evgeniy/Documents/code/test/behavior_tree/build/behavior_tree/test/behavior_tree_test" "--gtest_filter=BehaviorTreeTest.ConditionNodeException" "--gtest_also_run_disabled_tests"
Directory: /home/evgeniy/Documents/code/test/behavior_tree/build/behavior_tree/test
"BehaviorTreeTest.ConditionNodeException" start time: Apr 28 05:55 MSK
Output:
----------------------------------------------------------
Note: Google Test filter = BehaviorTreeTest.ConditionNodeException
[==========] Running 1 test from 1 test suite.
[----------] Global test environment set-up.
[----------] 1 test from BehaviorTreeTest
[ RUN      ] BehaviorTreeTest.ConditionNodeException
Exception in behavior condition 'Test Condition Exception': Condition Exception
[       OK ] BehaviorTreeTest.ConditionNodeException (0 ms)
[----------] 1 test from BehaviorTreeTest (0 ms total)

[----------] Global test environment tear-down
[==========] 1 test from 1 test suite ran. (0 ms total)
[  PASSED  ] 1 test.
<end of output>
Test time =   0.00 sec
----------------------------------------------------------
Test Passed.
"BehaviorTreeTest.ConditionNodeException" end time: Apr 28 05:55 MSK
"BehaviorTreeTest.ConditionNodeException" time elapsed: 00:00:00
----------------------------------------------------------

16/29 Testing: BehaviorTreeTest.SequenceMemory
16/29 Test: BehaviorTreeTest.SequenceMemory
Command: "/home/evgeniy/Documents/code/test/behavior_tree/build/behavior_tree/test/behavior_tree_test" "--gtest_filter=BehaviorTreeTest.SequenceMemory" "--gtest_also_run_disabled_tests"
Directory: /home/evgeniy/Documents/code/test/behavior_tree/build/behavior_tree/test
"BehaviorTreeTest.SequenceMemory" start time: Apr 28 05:55 MSK
Output:
----------------------------------------------------------
Note: Google Test filter = BehaviorTreeTest.SequenceMemory
[==========] Running 1 test from 1 test suite.
[----------] Global test environment set-up.
[----------] 1 test from BehaviorTreeTest
[ RUN      ] BehaviorTreeTest.SequenceMemory
RUNNING
SUCCESS
SUCCESS
[       OK ] BehaviorTreeTest.SequenceMemory (0 ms)
[----------] 1 test from BehaviorTreeTest (0 ms total)

[----------] Global test environment tear-down
[==========] 1 test from 1 test suite ran. (0 ms total)
[  PASSED  ] 1 test.
<end of output>
Test time =   0.00 sec
----------------------------------------------------------
Test Passed.
"BehaviorTreeTest.SequenceMemory" end time: Apr 28 05:55 MSK
"BehaviorTreeTest.SequenceMemory" time elapsed: 00:00:00
----------------------------------------------------------

17/29 Testing: BehaviorTreeTest.FallbackMemory
17/29 Test: BehaviorTreeTest.FallbackMemory
Command: "/home/evgeniy/Documents/code/test/behavior_tree/build/behavior_tree/test/behavior_tree_test" "--gtest_filter=BehaviorTreeTest.FallbackMemory" "--gtest_also_run_disabled_tests"
Directory: /home/evgeniy/Documents/code/test/behavior_tree/build/behavior_tree/test
"BehaviorTreeTest.FallbackMemory" start time: Apr 28 05:55 MSK
Output:
----------------------------------------------------------
Note: Google Test filter = BehaviorTreeTest.FallbackMemory
[==========] Running 1 test from 1 test suite.
[----------] Global test environment set-up.
[----------] 1 test from BehaviorTreeTest
[ RUN      ] BehaviorTreeTest.FallbackMemory
[       OK ] BehaviorTreeTest.FallbackMemory (0 ms)
[----------] 1 test from BehaviorTreeTest (0 ms total)

[----------] Global test environment tear-down
[==========] 1 test from 1 test suite ran. (0 ms total)
[  PASSED  ] 1 test.
<end of output>
Test time =   0.00 sec
----------------------------------------------------------
Test Passed.
"BehaviorTreeTest.FallbackMemory" end time: Apr 28 05:55 MSK
"BehaviorTreeTest.FallbackMemory" time elapsed: 00:00:00
----------------------------------------------------------

18/29 Testing: BehaviorTreeTest.SequenceMemoryReset
18/29 Test: BehaviorTreeTest.SequenceMemoryReset
Command: "/home/evgeniy/Documents/code/test/behavior_tree/build/behavior_tree/test/behavior_tree_test" "--gtest_filter=BehaviorTreeTest.SequenceMemoryReset" "--gtest_also_run_disabled_tests"
Directory: /home/evgeniy/Documents/code/test/behavior_tree/build/behavior_tree/test
"BehaviorTreeTest.SequenceMemoryReset" start time: Apr 28 05:55 MSK
Output:
----------------------------------------------------------
Note: Google Test filter = BehaviorTreeTest.SequenceMemoryReset
[==========] Running 1 test from 1 test suite.
[----------] Global test environment set-up.
[----------] 1 test from BehaviorTreeTest
[ RUN      ] BehaviorTreeTest.SequenceMemoryReset
RUNNING
SUCCESS
RUNNING
SUCCESS
SUCCESS
RUNNING
[       OK ] BehaviorTreeTest.SequenceMemoryReset (0 ms)
[----------] 1 test from BehaviorTreeTest (0 ms total)

[----------] Global test environment tear-down
[==========] 1 test from 1 test suite ran. (0 ms total)
[  PASSED  ] 1 test.
<end of output>
Test time =   0.00 sec
----------------------------------------------------------
Test Passed.
"BehaviorTreeTest.SequenceMemoryReset" end time: Apr 28 05:55 MSK
"BehaviorTreeTest.SequenceMemoryReset" time elapsed: 00:00:00
----------------------------------------------------------

19/29 Testing: BehaviorTreeTest.SequenceMemoryMultipleActions
19/29 Test: BehaviorTreeTest.SequenceMemoryMultipleActions
Command: "/home/evgeniy/Documents/code/test/behavior_tree/build/behavior_tree/test/behavior_tree_test" "--gtest_filter=BehaviorTreeTest.SequenceMemoryMultipleActions" "--gtest_also_run_disabled_tests"
Directory: /home/evgeniy/Documents/code/test/behavior_tree/build/behavior_tree/test
"BehaviorTreeTest.SequenceMemoryMultipleActions" start time: Apr 28 05:55 MSK
Output:
----------------------------------------------------------
Note: Google Test filter = BehaviorTreeTest.SequenceMemoryMultipleActions
[==========] Running 1 test from 1 test suite.
[----------] Global test environment set-up.
[----------] 1 test from BehaviorTreeTest
[ RUN      ] BehaviorTreeTest.SequenceMemoryMultipleActions
SUCCESS
FAILURE
[       OK ] BehaviorTreeTest.SequenceMemoryMultipleActions (0 ms)
[----------] 1 test from BehaviorTreeTest (0 ms total)

[----------] Global test environment tear-down
[==========] 1 test from 1 test suite ran. (0 ms total)
[  PASSED  ] 1 test.
<end of output>
Test time =   0.00 sec
----------------------------------------------------------
Test Passed.
"BehaviorTreeTest.SequenceMemoryMultipleActions" end time: Apr 28 05:55 MSK
"BehaviorTreeTest.SequenceMemoryMultipleActions" time elapsed: 00:00:00
----------------------------------------------------------

20/29 Testing: BehaviorTreeTest.FallbackMemoryMultipleActions
20/29 Test: BehaviorTreeTest.FallbackMemoryMultipleActions
Command: "/home/evgeniy/Documents/code/test/behavior_tree/build/behavior_tree/test/behavior_tree_test" "--gtest_filter=BehaviorTreeTest.FallbackMemoryMultipleActions" "--gtest_also_run_disabled_tests"
Directory: /home/evgeniy/Documents/code/test/behavior_tree/build/behavior_tree/test
"BehaviorTreeTest.FallbackMemoryMultipleActions" start time: Apr 28 05:55 MSK
Output:
----------------------------------------------------------
Note: Google Test filter = BehaviorTreeTest.FallbackMemoryMultipleActions
[==========] Running 1 test from 1 test suite.
[----------] Global test environment set-up.
[----------] 1 test from BehaviorTreeTest
[ RUN      ] BehaviorTreeTest.FallbackMemoryMultipleActions
[       OK ] BehaviorTreeTest.FallbackMemoryMultipleActions (0 ms)
[----------] 1 test from BehaviorTreeTest (0 ms total)

[----------] Global test environment tear-down
[==========] 1 test from 1 test suite ran. (0 ms total)
[  PASSED  ] 1 test.
<end of output>
Test time =   0.00 sec
----------------------------------------------------------
Test Passed.
"BehaviorTreeTest.FallbackMemoryMultipleActions" end time: Apr 28 05:55 MSK
"BehaviorTreeTest.FallbackMemoryMultipleActions" time elapsed: 00:00:00
----------------------------------------------------------

21/29 Testing: BehaviorTreeTest.SequenceMemoryAllConditionsMet
21/29 Test: BehaviorTreeTest.SequenceMemoryAllConditionsMet
Command: "/home/evgeniy/Documents/code/test/behavior_tree/build/behavior_tree/test/behavior_tree_test" "--gtest_filter=BehaviorTreeTest.SequenceMemoryAllConditionsMet" "--gtest_also_run_disabled_tests"
Directory: /home/evgeniy/Documents/code/test/behavior_tree/build/behavior_tree/test
"BehaviorTreeTest.SequenceMemoryAllConditionsMet" start time: Apr 28 05:55 MSK
Output:
----------------------------------------------------------
Note: Google Test filter = BehaviorTreeTest.SequenceMemoryAllConditionsMet
[==========] Running 1 test from 1 test suite.
[----------] Global test environment set-up.
[----------] 1 test from BehaviorTreeTest
[ RUN      ] BehaviorTreeTest.SequenceMemoryAllConditionsMet
SUCCESS
SUCCESS
[       OK ] BehaviorTreeTest.SequenceMemoryAllConditionsMet (0 ms)
[----------] 1 test from BehaviorTreeTest (0 ms total)

[----------] Global test environment tear-down
[==========] 1 test from 1 test suite ran. (0 ms total)
[  PASSED  ] 1 test.
<end of output>
Test time =   0.00 sec
----------------------------------------------------------
Test Passed.
"BehaviorTreeTest.SequenceMemoryAllConditionsMet" end time: Apr 28 05:55 MSK
"BehaviorTreeTest.SequenceMemoryAllConditionsMet" time elapsed: 00:00:00
----------------------------------------------------------

22/29 Testing: BehaviorTreeTest.Action
22/29 Test: BehaviorTreeTest.Action
Command: "/home/evgeniy/Documents/code/test/behavior_tree/build/behavior_tree/test/behavior_tree_test" "--gtest_filter=BehaviorTreeTest.Action" "--gtest_also_run_disabled_tests"
Directory: /home/evgeniy/Documents/code/test/behavior_tree/build/behavior_tree/test
"BehaviorTreeTest.Action" start time: Apr 28 05:55 MSK
Output:
----------------------------------------------------------
Note: Google Test filter = BehaviorTreeTest.Action
[==========] Running 1 test from 1 test suite.
[----------] Global test environment set-up.
[----------] 1 test from BehaviorTreeTest
[ RUN      ] BehaviorTreeTest.Action
[       OK ] BehaviorTreeTest.Action (0 ms)
[----------] 1 test from BehaviorTreeTest (0 ms total)

[----------] Global test environment tear-down
[==========] 1 test from 1 test suite ran. (0 ms total)
[  PASSED  ] 1 test.
<end of output>
Test time =   0.00 sec
----------------------------------------------------------
Test Passed.
"BehaviorTreeTest.Action" end time: Apr 28 05:55 MSK
"BehaviorTreeTest.Action" time elapsed: 00:00:00
----------------------------------------------------------

23/29 Testing: BehaviorTreeTest.Condition
23/29 Test: BehaviorTreeTest.Condition
Command: "/home/evgeniy/Documents/code/test/behavior_tree/build/behavior_tree/test/behavior_tree_test" "--gtest_filter=BehaviorTreeTest.Condition" "--gtest_also_run_disabled_tests"
Directory: /home/evgeniy/Documents/code/test/behavior_tree/build/behavior_tree/test
"BehaviorTreeTest.Condition" start time: Apr 28 05:55 MSK
Output:
----------------------------------------------------------
Note: Google Test filter = BehaviorTreeTest.Condition
[==========] Running 1 test from 1 test suite.
[----------] Global test environment set-up.
[----------] 1 test from BehaviorTreeTest
[ RUN      ] BehaviorTreeTest.Condition
[       OK ] BehaviorTreeTest.Condition (0 ms)
[----------] 1 test from BehaviorTreeTest (0 ms total)

[----------] Global test environment tear-down
[==========] 1 test from 1 test suite ran. (0 ms total)
[  PASSED  ] 1 test.
<end of output>
Test time =   0.00 sec
----------------------------------------------------------
Test Passed.
"BehaviorTreeTest.Condition" end time: Apr 28 05:55 MSK
"BehaviorTreeTest.Condition" time elapsed: 00:00:00
----------------------------------------------------------

24/29 Testing: BehaviorTreeTest.Sequence
24/29 Test: BehaviorTreeTest.Sequence
Command: "/home/evgeniy/Documents/code/test/behavior_tree/build/behavior_tree/test/behavior_tree_test" "--gtest_filter=BehaviorTreeTest.Sequence" "--gtest_also_run_disabled_tests"
Directory: /home/evgeniy/Documents/code/test/behavior_tree/build/behavior_tree/test
"BehaviorTreeTest.Sequence" start time: Apr 28 05:55 MSK
Output:
----------------------------------------------------------
Note: Google Test filter = BehaviorTreeTest.Sequence
[==========] Running 1 test from 1 test suite.
[----------] Global test environment set-up.
[----------] 1 test from BehaviorTreeTest
[ RUN      ] BehaviorTreeTest.Sequence
Visit counter 0
[       OK ] BehaviorTreeTest.Sequence (0 ms)
[----------] 1 test from BehaviorTreeTest (0 ms total)

[----------] Global test environment tear-down
[==========] 1 test from 1 test suite ran. (0 ms total)
[  PASSED  ] 1 test.
<end of output>
Test time =   0.00 sec
----------------------------------------------------------
Test Passed.
"BehaviorTreeTest.Sequence" end time: Apr 28 05:55 MSK
"BehaviorTreeTest.Sequence" time elapsed: 00:00:00
----------------------------------------------------------

25/29 Testing: BehaviorTreeTest.Fallback
25/29 Test: BehaviorTreeTest.Fallback
Command: "/home/evgeniy/Documents/code/test/behavior_tree/build/behavior_tree/test/behavior_tree_test" "--gtest_filter=BehaviorTreeTest.Fallback" "--gtest_also_run_disabled_tests"
Directory: /home/evgeniy/Documents/code/test/behavior_tree/build/behavior_tree/test
"BehaviorTreeTest.Fallback" start time: Apr 28 05:55 MSK
Output:
----------------------------------------------------------
Note: Google Test filter = BehaviorTreeTest.Fallback
[==========] Running 1 test from 1 test suite.
[----------] Global test environment set-up.
[----------] 1 test from BehaviorTreeTest
[ RUN      ] BehaviorTreeTest.Fallback
Child index: 0, Status: FAILURE
Child index: 1, Status: SUCCESS
[       OK ] BehaviorTreeTest.Fallback (0 ms)
[----------] 1 test from BehaviorTreeTest (0 ms total)

[----------] Global test environment tear-down
[==========] 1 test from 1 test suite ran. (0 ms total)
[  PASSED  ] 1 test.
<end of output>
Test time =   0.00 sec
----------------------------------------------------------
Test Passed.
"BehaviorTreeTest.Fallback" end time: Apr 28 05:55 MSK
"BehaviorTreeTest.Fallback" time elapsed: 00:00:00
----------------------------------------------------------

26/29 Testing: BehaviorTreeTest.Parallel
26/29 Test: BehaviorTreeTest.Parallel
Command: "/home/evgeniy/Documents/code/test/behavior_tree/build/behavior_tree/test/behavior_tree_test" "--gtest_filter=BehaviorTreeTest.Parallel" "--gtest_also_run_disabled_tests"
Directory: /home/evgeniy/Documents/code/test/behavior_tree/build/behavior_tree/test
"BehaviorTreeTest.Parallel" start time: Apr 28 05:55 MSK
Output:
----------------------------------------------------------
Note: Google Test filter = BehaviorTreeTest.Parallel
[==========] Running 1 test from 1 test suite.
[----------] Global test environment set-up.
[----------] 1 test from BehaviorTreeTest
[ RUN      ] BehaviorTreeTest.Parallel
[       OK ] BehaviorTreeTest.Parallel (0 ms)
[----------] 1 test from BehaviorTreeTest (0 ms total)

[----------] Global test environment tear-down
[==========] 1 test from 1 test suite ran. (0 ms total)
[  PASSED  ] 1 test.
<end of output>
Test time =   0.00 sec
----------------------------------------------------------
Test Passed.
"BehaviorTreeTest.Parallel" end time: Apr 28 05:55 MSK
"BehaviorTreeTest.Parallel" time elapsed: 00:00:00
----------------------------------------------------------

27/29 Testing: StatusTest.ConstructorAndState
27/29 Test: StatusTest.ConstructorAndState
Command: "/home/evgeniy/Documents/code/test/behavior_tree/build/behavior_tree/test/behavior_tree_test" "--gtest_filter=StatusTest.ConstructorAndState" "--gtest_also_run_disabled_tests"
Directory: /home/evgeniy/Documents/code/test/behavior_tree/build/behavior_tree/test
"StatusTest.ConstructorAndState" start time: Apr 28 05:55 MSK
Output:
----------------------------------------------------------
Note: Google Test filter = StatusTest.ConstructorAndState
[==========] Running 1 test from 1 test suite.
[----------] Global test environment set-up.
[----------] 1 test from StatusTest
[ RUN      ] StatusTest.ConstructorAndState
[       OK ] StatusTest.ConstructorAndState (0 ms)
[----------] 1 test from StatusTest (0 ms total)

[----------] Global test environment tear-down
[==========] 1 test from 1 test suite ran. (0 ms total)
[  PASSED  ] 1 test.
<end of output>
Test time =   0.00 sec
----------------------------------------------------------
Test Passed.
"StatusTest.ConstructorAndState" end time: Apr 28 05:55 MSK
"StatusTest.ConstructorAndState" time elapsed: 00:00:00
----------------------------------------------------------

28/29 Testing: StatusTest.ConversionToBoolean
28/29 Test: StatusTest.ConversionToBoolean
Command: "/home/evgeniy/Documents/code/test/behavior_tree/build/behavior_tree/test/behavior_tree_test" "--gtest_filter=StatusTest.ConversionToBoolean" "--gtest_also_run_disabled_tests"
Directory: /home/evgeniy/Documents/code/test/behavior_tree/build/behavior_tree/test
"StatusTest.ConversionToBoolean" start time: Apr 28 05:55 MSK
Output:
----------------------------------------------------------
Note: Google Test filter = StatusTest.ConversionToBoolean
[==========] Running 1 test from 1 test suite.
[----------] Global test environment set-up.
[----------] 1 test from StatusTest
[ RUN      ] StatusTest.ConversionToBoolean
[       OK ] StatusTest.ConversionToBoolean (0 ms)
[----------] 1 test from StatusTest (0 ms total)

[----------] Global test environment tear-down
[==========] 1 test from 1 test suite ran. (0 ms total)
[  PASSED  ] 1 test.
<end of output>
Test time =   0.00 sec
----------------------------------------------------------
Test Passed.
"StatusTest.ConversionToBoolean" end time: Apr 28 05:55 MSK
"StatusTest.ConversionToBoolean" time elapsed: 00:00:00
----------------------------------------------------------

29/29 Testing: StatusTest.StreamOutput
29/29 Test: StatusTest.StreamOutput
Command: "/home/evgeniy/Documents/code/test/behavior_tree/build/behavior_tree/test/behavior_tree_test" "--gtest_filter=StatusTest.StreamOutput" "--gtest_also_run_disabled_tests"
Directory: /home/evgeniy/Documents/code/test/behavior_tree/build/behavior_tree/test
"StatusTest.StreamOutput" start time: Apr 28 05:55 MSK
Output:
----------------------------------------------------------
Note: Google Test filter = StatusTest.StreamOutput
[==========] Running 1 test from 1 test suite.
[----------] Global test environment set-up.
[----------] 1 test from StatusTest
[ RUN      ] StatusTest.StreamOutput
[       OK ] StatusTest.StreamOutput (0 ms)
[----------] 1 test from StatusTest (0 ms total)

[----------] Global test environment tear-down
[==========] 1 test from 1 test suite ran. (0 ms total)
[  PASSED  ] 1 test.
<end of output>
Test time =   0.00 sec
----------------------------------------------------------
Test Passed.
"StatusTest.StreamOutput" end time: Apr 28 05:55 MSK
"StatusTest.StreamOutput" time elapsed: 00:00:00
----------------------------------------------------------

End testing: Apr 28 05:55 MSK
